PLINK v1.90b6.21 64-bit (19 Oct 2020)
Options in effect:
  --clump data/gwasrapidd/20210525/p-values/EFO_0000612.csv
  --clump-kb 1000
  --clump-p1 0.00000001
  --clump-p2 0.00000001
  --clump-r2 0.1
  --out tmp.txt
  --vcf data/gwasrapidd/20210525/vcfs/EFO_0000612.vcf.gz

Hostname: hl-codon-02-03.ebi.ac.uk
Working directory: /hps/software/users/birney/ian/repos/human_traits_fst
Start time: Thu May 27 07:35:27 2021

Random number seed: 1622097327
385340 MB RAM detected; reserving 192670 MB for main workspace.
--vcf: tmp.txt-temporary.bed + tmp.txt-temporary.bim + tmp.txt-temporary.fam
written.
272 variants loaded from .bim file.
2504 people (0 males, 0 females, 2504 ambiguous) loaded from .fam.
Ambiguous sex IDs written to tmp.txt.nosex .
Using 1 thread (no multithreaded calculations invoked).
Before main variant filters, 2504 founders and 0 nonfounders present.
Calculating allele frequencies... done.
272 variants and 2504 people pass filters and QC.
Note: No phenotypes present.
Error: Failed to open data/gwasrapidd/20210525/p-values/EFO_0000612.csv.

End time: Thu May 27 07:35:27 2021
