PLINK v1.90b6.21 64-bit (19 Oct 2020)
Options in effect:
  --double-id
  --out tmp
  --recode A-transpose
  --vcf data/gwasrapidd/20210525/vcfs/EFO_0000612.vcf.gz

Hostname: hl-codon-02-03.ebi.ac.uk
Working directory: /hps/software/users/birney/ian/repos/human_traits_fst
Start time: Thu May 27 09:33:07 2021

Random number seed: 1622104387
385340 MB RAM detected; reserving 192670 MB for main workspace.
--vcf: tmp-temporary.bed + tmp-temporary.bim + tmp-temporary.fam written.
272 variants loaded from .bim file.
2504 people (0 males, 0 females, 2504 ambiguous) loaded from .fam.
Ambiguous sex IDs written to tmp.nosex .
Using 1 thread (no multithreaded calculations invoked).
Before main variant filters, 2504 founders and 0 nonfounders present.
Calculating allele frequencies... done.
272 variants and 2504 people pass filters and QC.
Note: No phenotypes present.
--recode A-transpose to tmp.traw ... done.

End time: Thu May 27 09:33:07 2021
