PLINK v2.00a2.3LM 64-bit Intel (24 Jan 2020)
Options in effect:
  --extract data/20210221_random_snps_snp_ids/plt.list
  --freq
  --loop-cats PHENO1
  --out data/20210221_snp_rndm_alfreqs/plt/plt
  --pheno iid-only data/plink2_sample_popn_key.txt
  --vcf data/20210221_snp_rndm_filtered/plt.vcf.gz

Hostname: hx-noah-12-16.ebi.ac.uk
Working directory: /hps/research1/birney/users/ian/hmn_fst/human_traits_fst
Start time: Mon Feb 22 10:20:25 2021

Random number seed: 1613989225
256288 MiB RAM detected; reserving 128144 MiB for main workspace.
Using up to 80 threads (change this with --threads).
--vcf: 1584 variants scanned.
--vcf: data/20210221_snp_rndm_alfreqs/plt/plt-temporary.pgen +
data/20210221_snp_rndm_alfreqs/plt/plt-temporary.pvar +
data/20210221_snp_rndm_alfreqs/plt/plt-temporary.psam written.
2504 samples (0 females, 0 males, 2504 ambiguous; 2504 founders) loaded from
data/20210221_snp_rndm_alfreqs/plt/plt-temporary.psam.
1584 variants loaded from
data/20210221_snp_rndm_alfreqs/plt/plt-temporary.pvar.
1 categorical phenotype loaded (2504 values).
--extract: 1584 variants remaining.
--loop-cats: 26 categories present.
--loop-cats: Processing category 'GBR' (91 samples).
Calculating allele frequencies... done.
--freq: Allele frequencies (founders only) written to
data/20210221_snp_rndm_alfreqs/plt/plt.GBR.afreq .
--loop-cats: Processing category 'FIN' (99 samples).
Calculating allele frequencies... done.
--freq: Allele frequencies (founders only) written to
data/20210221_snp_rndm_alfreqs/plt/plt.FIN.afreq .
--loop-cats: Processing category 'CHS' (105 samples).
Calculating allele frequencies... done.
--freq: Allele frequencies (founders only) written to
data/20210221_snp_rndm_alfreqs/plt/plt.CHS.afreq .
--loop-cats: Processing category 'PUR' (104 samples).
Calculating allele frequencies... done.
--freq: Allele frequencies (founders only) written to
data/20210221_snp_rndm_alfreqs/plt/plt.PUR.afreq .
--loop-cats: Processing category 'CDX' (93 samples).
Calculating allele frequencies... done.
--freq: Allele frequencies (founders only) written to
data/20210221_snp_rndm_alfreqs/plt/plt.CDX.afreq .
--loop-cats: Processing category 'CLM' (94 samples).
Calculating allele frequencies... done.
--freq: Allele frequencies (founders only) written to
data/20210221_snp_rndm_alfreqs/plt/plt.CLM.afreq .
--loop-cats: Processing category 'IBS' (107 samples).
Calculating allele frequencies... done.
--freq: Allele frequencies (founders only) written to
data/20210221_snp_rndm_alfreqs/plt/plt.IBS.afreq .
--loop-cats: Processing category 'PEL' (85 samples).
Calculating allele frequencies... done.
--freq: Allele frequencies (founders only) written to
data/20210221_snp_rndm_alfreqs/plt/plt.PEL.afreq .
--loop-cats: Processing category 'PJL' (96 samples).
Calculating allele frequencies... done.
--freq: Allele frequencies (founders only) written to
data/20210221_snp_rndm_alfreqs/plt/plt.PJL.afreq .
--loop-cats: Processing category 'KHV' (99 samples).
Calculating allele frequencies... done.
--freq: Allele frequencies (founders only) written to
data/20210221_snp_rndm_alfreqs/plt/plt.KHV.afreq .
--loop-cats: Processing category 'ACB' (96 samples).
Calculating allele frequencies... done.
--freq: Allele frequencies (founders only) written to
data/20210221_snp_rndm_alfreqs/plt/plt.ACB.afreq .
--loop-cats: Processing category 'GWD' (113 samples).
Calculating allele frequencies... done.
--freq: Allele frequencies (founders only) written to
data/20210221_snp_rndm_alfreqs/plt/plt.GWD.afreq .
--loop-cats: Processing category 'ESN' (99 samples).
Calculating allele frequencies... done.
--freq: Allele frequencies (founders only) written to
data/20210221_snp_rndm_alfreqs/plt/plt.ESN.afreq .
--loop-cats: Processing category 'BEB' (86 samples).
Calculating allele frequencies... done.
--freq: Allele frequencies (founders only) written to
data/20210221_snp_rndm_alfreqs/plt/plt.BEB.afreq .
--loop-cats: Processing category 'MSL' (85 samples).
Calculating allele frequencies... done.
--freq: Allele frequencies (founders only) written to
data/20210221_snp_rndm_alfreqs/plt/plt.MSL.afreq .
--loop-cats: Processing category 'STU' (102 samples).
Calculating allele frequencies... done.
--freq: Allele frequencies (founders only) written to
data/20210221_snp_rndm_alfreqs/plt/plt.STU.afreq .
--loop-cats: Processing category 'ITU' (102 samples).
Calculating allele frequencies... done.
--freq: Allele frequencies (founders only) written to
data/20210221_snp_rndm_alfreqs/plt/plt.ITU.afreq .
--loop-cats: Processing category 'CEU' (99 samples).
Calculating allele frequencies... done.
--freq: Allele frequencies (founders only) written to
data/20210221_snp_rndm_alfreqs/plt/plt.CEU.afreq .
--loop-cats: Processing category 'YRI' (108 samples).
Calculating allele frequencies... done.
--freq: Allele frequencies (founders only) written to
data/20210221_snp_rndm_alfreqs/plt/plt.YRI.afreq .
--loop-cats: Processing category 'CHB' (103 samples).
Calculating allele frequencies... done.
--freq: Allele frequencies (founders only) written to
data/20210221_snp_rndm_alfreqs/plt/plt.CHB.afreq .
--loop-cats: Processing category 'JPT' (104 samples).
Calculating allele frequencies... done.
--freq: Allele frequencies (founders only) written to
data/20210221_snp_rndm_alfreqs/plt/plt.JPT.afreq .
--loop-cats: Processing category 'LWK' (99 samples).
Calculating allele frequencies... done.
--freq: Allele frequencies (founders only) written to
data/20210221_snp_rndm_alfreqs/plt/plt.LWK.afreq .
--loop-cats: Processing category 'ASW' (61 samples).
Calculating allele frequencies... done.
--freq: Allele frequencies (founders only) written to
data/20210221_snp_rndm_alfreqs/plt/plt.ASW.afreq .
--loop-cats: Processing category 'MXL' (64 samples).
Calculating allele frequencies... done.
--freq: Allele frequencies (founders only) written to
data/20210221_snp_rndm_alfreqs/plt/plt.MXL.afreq .
--loop-cats: Processing category 'TSI' (107 samples).
Calculating allele frequencies... done.
--freq: Allele frequencies (founders only) written to
data/20210221_snp_rndm_alfreqs/plt/plt.TSI.afreq .
--loop-cats: Processing category 'GIH' (103 samples).
Calculating allele frequencies... done.
--freq: Allele frequencies (founders only) written to
data/20210221_snp_rndm_alfreqs/plt/plt.GIH.afreq .

End time: Mon Feb 22 10:21:41 2021
