PLINK v2.00a2.3LM 64-bit Intel (24 Jan 2020)
Options in effect:
  --freq
  --max-alleles 2
  --out human_traits_fst/data/20210120_plink2_alfreqs/hei/hei.all
  --vcf vcfs/snphits_hei.vcf.gz

Hostname: hx-noah-44-02.ebi.ac.uk
Working directory: /hps/research1/birney/users/ian/hmn_fst
Start time: Wed Jan 20 09:41:29 2021

Random number seed: 1611135689
385391 MiB RAM detected; reserving 192695 MiB for main workspace.
Using up to 96 threads (change this with --threads).
--vcf: 4293 variants scanned.
--vcf: human_traits_fst/data/20210120_plink2_alfreqs/hei/hei.all-temporary.pgen
+ human_traits_fst/data/20210120_plink2_alfreqs/hei/hei.all-temporary.pvar +
human_traits_fst/data/20210120_plink2_alfreqs/hei/hei.all-temporary.psam
written.
2504 samples (0 females, 0 males, 2504 ambiguous; 2504 founders) loaded from
human_traits_fst/data/20210120_plink2_alfreqs/hei/hei.all-temporary.psam.
4282 out of 4293 variants loaded from
human_traits_fst/data/20210120_plink2_alfreqs/hei/hei.all-temporary.pvar.
Note: No phenotype data present.
Calculating allele frequencies... done.
--freq: Allele frequencies (founders only) written to
human_traits_fst/data/20210120_plink2_alfreqs/hei/hei.all.afreq .

End time: Wed Jan 20 09:41:30 2021
