PLINK v1.90b6.21 64-bit (19 Oct 2020)
Options in effect:
  --double-id
  --fst
  --out data/gwasrapidd/20210525/plink/fst/EFO_0007009
  --vcf data/gwasrapidd/20210525/vcfs/EFO_0007009.vcf.gz
  --vcf-half-call missing
  --within data/1kg_populations_plink.txt

Hostname: hl-codon-23-02.ebi.ac.uk
Working directory: /hps/software/users/birney/ian/repos/human_traits_fst
Start time: Tue May 25 18:29:15 2021

Random number seed: 1621963755
385340 MB RAM detected; reserving 192670 MB for main workspace.
--vcf: data/gwasrapidd/20210525/plink/fst/EFO_0007009-temporary.bed +
data/gwasrapidd/20210525/plink/fst/EFO_0007009-temporary.bim +
data/gwasrapidd/20210525/plink/fst/EFO_0007009-temporary.fam written.
83 variants loaded from .bim file.
2504 people (0 males, 0 females, 2504 ambiguous) loaded from .fam.
Ambiguous sex IDs written to
data/gwasrapidd/20210525/plink/fst/EFO_0007009.nosex .
--within: 26 clusters loaded, covering a total of 2504 people.
Using 1 thread (no multithreaded calculations invoked).
Before main variant filters, 2504 founders and 0 nonfounders present.
Calculating allele frequencies... done.
Total genotyping rate is 0.999947.
83 variants and 2504 people pass filters and QC.
Note: No phenotypes present.
Writing --fst report (26 populations) to
data/gwasrapidd/20210525/plink/fst/EFO_0007009.fst ... done.
83 markers with valid Fst estimates.
Mean Fst estimate: 0.185634
Weighted Fst estimate: 0.235308

End time: Tue May 25 18:29:16 2021
