PLINK v2.00a2.3LM 64-bit Intel (24 Jan 2020)
Options in effect:
  --freq
  --max-alleles 2
  --out data/20210122_snp_hits_alfreqs/hei/hei.all
  --snps-only
  --vcf ../vcfs/snp_hits_filtered/hei.vcf.gz

Hostname: hx-noah-38-01.ebi.ac.uk
Working directory: /hps/research1/birney/users/ian/hmn_fst/human_traits_fst
Start time: Mon Jan 25 06:54:35 2021

Random number seed: 1611557675
385391 MiB RAM detected; reserving 192695 MiB for main workspace.
Using up to 96 threads (change this with --threads).
--vcf: 4263 variants scanned.
--vcf: data/20210122_snp_hits_alfreqs/hei/hei.all-temporary.pgen +
data/20210122_snp_hits_alfreqs/hei/hei.all-temporary.pvar +
data/20210122_snp_hits_alfreqs/hei/hei.all-temporary.psam written.
2504 samples (0 females, 0 males, 2504 ambiguous; 2504 founders) loaded from
data/20210122_snp_hits_alfreqs/hei/hei.all-temporary.psam.
4172 out of 4263 variants loaded from
data/20210122_snp_hits_alfreqs/hei/hei.all-temporary.pvar.
Note: No phenotype data present.
Calculating allele frequencies... done.
--freq: Allele frequencies (founders only) written to
data/20210122_snp_hits_alfreqs/hei/hei.all.afreq .

End time: Mon Jan 25 06:54:35 2021
