PLINK v2.00a2.3LM 64-bit Intel (24 Jan 2020)
Options in effect:
  --freq
  --max-alleles 2
  --out human_traits_fst/data/20200622_plink2_alfreqs/edu/edu.all
  --vcf vcfs/snphits_edu.vcf.gz

Hostname: hx-noah-05-06.ebi.ac.uk
Working directory: /hps/research1/birney/users/ian/hmn_fst
Start time: Thu Jan 14 15:31:58 2021

Random number seed: 1610638318
257545 MiB RAM detected; reserving 128772 MiB for main workspace.
Using up to 64 threads (change this with --threads).
--vcf: 1270 variants scanned.
--vcf: human_traits_fst/data/20200622_plink2_alfreqs/edu/edu.all-temporary.pgen
+ human_traits_fst/data/20200622_plink2_alfreqs/edu/edu.all-temporary.pvar +
human_traits_fst/data/20200622_plink2_alfreqs/edu/edu.all-temporary.psam
written.
2504 samples (0 females, 0 males, 2504 ambiguous; 2504 founders) loaded from
human_traits_fst/data/20200622_plink2_alfreqs/edu/edu.all-temporary.psam.
1269 out of 1270 variants loaded from
human_traits_fst/data/20200622_plink2_alfreqs/edu/edu.all-temporary.pvar.
Note: No phenotype data present.
Calculating allele frequencies... done.
--freq: Allele frequencies (founders only) written to
human_traits_fst/data/20200622_plink2_alfreqs/edu/edu.all.afreq .

End time: Thu Jan 14 15:32:06 2021
