PLINK v2.00a2.3LM 64-bit Intel (24 Jan 2020)
Options in effect:
  --freq
  --max-alleles 2
  --out human_traits_fst/data/20200622_plink2_alfreqs/bmi/bmi.all
  --vcf vcfs/snphits_bmi.vcf.gz

Hostname: hx-noah-22-04.ebi.ac.uk
Working directory: /hps/research1/birney/users/ian/hmn_fst
Start time: Thu Jan 14 15:32:00 2021

Random number seed: 1610638320
128260 MiB RAM detected; reserving 64130 MiB for main workspace.
Using up to 56 threads (change this with --threads).
--vcf: 939 variants scanned.
--vcf: human_traits_fst/data/20200622_plink2_alfreqs/bmi/bmi.all-temporary.pgen
+ human_traits_fst/data/20200622_plink2_alfreqs/bmi/bmi.all-temporary.pvar +
human_traits_fst/data/20200622_plink2_alfreqs/bmi/bmi.all-temporary.psam
written.
2504 samples (0 females, 0 males, 2504 ambiguous; 2504 founders) loaded from
human_traits_fst/data/20200622_plink2_alfreqs/bmi/bmi.all-temporary.psam.
931 out of 939 variants loaded from
human_traits_fst/data/20200622_plink2_alfreqs/bmi/bmi.all-temporary.pvar.
Note: No phenotype data present.
Calculating allele frequencies... done.
--freq: Allele frequencies (founders only) written to
human_traits_fst/data/20200622_plink2_alfreqs/bmi/bmi.all.afreq .

End time: Thu Jan 14 15:32:07 2021
