PLINK v1.90b6.18 64-bit (16 Jun 2020)
Options in effect:
  --clump data/20210221_snp_hit_lists/int_with_P.txt
  --clump-kb 1000
  --clump-p1 0.00000001
  --clump-p2 0.00000001
  --clump-r2 0.1
  --out data/20210221_clumped/int/r2-0.1_kb-1000
  --vcf data/20210221_snp_hits_filtered/int.vcf.gz

Hostname: hx-noah-30-04.ebi.ac.uk
Working directory: /hps/research1/birney/users/ian/hmn_fst/human_traits_fst
Start time: Mon Feb 22 07:01:07 2021

Random number seed: 1613977267
385391 MB RAM detected; reserving 192695 MB for main workspace.
--vcf: data/20210221_clumped/int/r2-0.1_kb-1000-temporary.bed +
data/20210221_clumped/int/r2-0.1_kb-1000-temporary.bim +
data/20210221_clumped/int/r2-0.1_kb-1000-temporary.fam written.
2514 variants loaded from .bim file.
2504 people (0 males, 0 females, 2504 ambiguous) loaded from .fam.
Ambiguous sex IDs written to data/20210221_clumped/int/r2-0.1_kb-1000.nosex .
Using 1 thread (no multithreaded calculations invoked).
Before main variant filters, 2504 founders and 0 nonfounders present.
Calculating allele frequencies... done.
Total genotyping rate is 0.999854.
2514 variants and 2504 people pass filters and QC.
Note: No phenotypes present.
Warning: 'rs2451729' is missing from the main dataset, and is a top variant.
Warning: 'rs10514303' is missing from the main dataset, and is a top variant.
Warning: 'rs13184816' is missing from the main dataset, and is a top variant.
--clump: 480 clumps formed from 1289 top variants.
Results written to data/20210221_clumped/int/r2-0.1_kb-1000.clumped .

End time: Mon Feb 22 07:01:08 2021
