PLINK v1.90b6.21 64-bit (19 Oct 2020)
Options in effect:
  --double-id
  --out data/gwasrapidd/20210525/plink/recode_012/EFO_0004340
  --recode A-transpose
  --vcf data/gwasrapidd/20210525/vcfs/no_dups/EFO_0004340.vcf.gz

Hostname: hl-codon-07-01.ebi.ac.uk
Working directory: /hps/software/users/birney/ian/repos/human_traits_fst
Start time: Thu May 27 09:35:43 2021

Random number seed: 1622104543
385340 MB RAM detected; reserving 192670 MB for main workspace.
--vcf: data/gwasrapidd/20210525/plink/recode_012/EFO_0004340-temporary.bed +
data/gwasrapidd/20210525/plink/recode_012/EFO_0004340-temporary.bim +
data/gwasrapidd/20210525/plink/recode_012/EFO_0004340-temporary.fam written.
4177 variants loaded from .bim file.
2504 people (0 males, 0 females, 2504 ambiguous) loaded from .fam.
Ambiguous sex IDs written to
data/gwasrapidd/20210525/plink/recode_012/EFO_0004340.nosex .
Using 1 thread (no multithreaded calculations invoked).
Before main variant filters, 2504 founders and 0 nonfounders present.
Calculating allele frequencies... done.
Total genotyping rate is 0.999888.
4177 variants and 2504 people pass filters and QC.
Note: No phenotypes present.
--recode A-transpose to
data/gwasrapidd/20210525/plink/recode_012/EFO_0004340.traw ... done.

End time: Thu May 27 09:35:44 2021
