PLINK v2.00a2.3LM 64-bit Intel (24 Jan 2020)
Options in effect:
  --extract data/20210201_random_snps_snp_ids/bmi.list
  --freq
  --loop-cats PHENO1
  --out data/20210201_snp_rndm_alfreqs/bmi/bmi
  --pheno iid-only data/plink2_sample_popn_key.txt
  --vcf data/20210201_snp_rndm_filtered/bmi.vcf.gz

Hostname: hx-noah-22-03.ebi.ac.uk
Working directory: /hps/research1/birney/users/ian/hmn_fst/human_traits_fst
Start time: Tue Feb  2 13:20:59 2021

Random number seed: 1612272059
128260 MiB RAM detected; reserving 64130 MiB for main workspace.
Using up to 56 threads (change this with --threads).
--vcf: 4086 variants scanned.
--vcf: data/20210201_snp_rndm_alfreqs/bmi/bmi-temporary.pgen +
data/20210201_snp_rndm_alfreqs/bmi/bmi-temporary.pvar +
data/20210201_snp_rndm_alfreqs/bmi/bmi-temporary.psam written.
2504 samples (0 females, 0 males, 2504 ambiguous; 2504 founders) loaded from
data/20210201_snp_rndm_alfreqs/bmi/bmi-temporary.psam.
4086 variants loaded from
data/20210201_snp_rndm_alfreqs/bmi/bmi-temporary.pvar.
1 categorical phenotype loaded (2504 values).
--extract: 4086 variants remaining.
--loop-cats: 26 categories present.
--loop-cats: Processing category 'GBR' (91 samples).
Calculating allele frequencies... done.
--freq: Allele frequencies (founders only) written to
data/20210201_snp_rndm_alfreqs/bmi/bmi.GBR.afreq .
--loop-cats: Processing category 'FIN' (99 samples).
Calculating allele frequencies... done.
--freq: Allele frequencies (founders only) written to
data/20210201_snp_rndm_alfreqs/bmi/bmi.FIN.afreq .
--loop-cats: Processing category 'CHS' (105 samples).
Calculating allele frequencies... done.
--freq: Allele frequencies (founders only) written to
data/20210201_snp_rndm_alfreqs/bmi/bmi.CHS.afreq .
--loop-cats: Processing category 'PUR' (104 samples).
Calculating allele frequencies... done.
--freq: Allele frequencies (founders only) written to
data/20210201_snp_rndm_alfreqs/bmi/bmi.PUR.afreq .
--loop-cats: Processing category 'CDX' (93 samples).
Calculating allele frequencies... done.
--freq: Allele frequencies (founders only) written to
data/20210201_snp_rndm_alfreqs/bmi/bmi.CDX.afreq .
--loop-cats: Processing category 'CLM' (94 samples).
Calculating allele frequencies... done.
--freq: Allele frequencies (founders only) written to
data/20210201_snp_rndm_alfreqs/bmi/bmi.CLM.afreq .
--loop-cats: Processing category 'IBS' (107 samples).
Calculating allele frequencies... done.
--freq: Allele frequencies (founders only) written to
data/20210201_snp_rndm_alfreqs/bmi/bmi.IBS.afreq .
--loop-cats: Processing category 'PEL' (85 samples).
Calculating allele frequencies... done.
--freq: Allele frequencies (founders only) written to
data/20210201_snp_rndm_alfreqs/bmi/bmi.PEL.afreq .
--loop-cats: Processing category 'PJL' (96 samples).
Calculating allele frequencies... done.
--freq: Allele frequencies (founders only) written to
data/20210201_snp_rndm_alfreqs/bmi/bmi.PJL.afreq .
--loop-cats: Processing category 'KHV' (99 samples).
Calculating allele frequencies... done.
--freq: Allele frequencies (founders only) written to
data/20210201_snp_rndm_alfreqs/bmi/bmi.KHV.afreq .
--loop-cats: Processing category 'ACB' (96 samples).
Calculating allele frequencies... done.
--freq: Allele frequencies (founders only) written to
data/20210201_snp_rndm_alfreqs/bmi/bmi.ACB.afreq .
--loop-cats: Processing category 'GWD' (113 samples).
Calculating allele frequencies... done.
--freq: Allele frequencies (founders only) written to
data/20210201_snp_rndm_alfreqs/bmi/bmi.GWD.afreq .
--loop-cats: Processing category 'ESN' (99 samples).
Calculating allele frequencies... done.
--freq: Allele frequencies (founders only) written to
data/20210201_snp_rndm_alfreqs/bmi/bmi.ESN.afreq .
--loop-cats: Processing category 'BEB' (86 samples).
Calculating allele frequencies... done.
--freq: Allele frequencies (founders only) written to
data/20210201_snp_rndm_alfreqs/bmi/bmi.BEB.afreq .
--loop-cats: Processing category 'MSL' (85 samples).
Calculating allele frequencies... done.
--freq: Allele frequencies (founders only) written to
data/20210201_snp_rndm_alfreqs/bmi/bmi.MSL.afreq .
--loop-cats: Processing category 'STU' (102 samples).
Calculating allele frequencies... done.
--freq: Allele frequencies (founders only) written to
data/20210201_snp_rndm_alfreqs/bmi/bmi.STU.afreq .
--loop-cats: Processing category 'ITU' (102 samples).
Calculating allele frequencies... done.
--freq: Allele frequencies (founders only) written to
data/20210201_snp_rndm_alfreqs/bmi/bmi.ITU.afreq .
--loop-cats: Processing category 'CEU' (99 samples).
Calculating allele frequencies... done.
--freq: Allele frequencies (founders only) written to
data/20210201_snp_rndm_alfreqs/bmi/bmi.CEU.afreq .
--loop-cats: Processing category 'YRI' (108 samples).
Calculating allele frequencies... done.
--freq: Allele frequencies (founders only) written to
data/20210201_snp_rndm_alfreqs/bmi/bmi.YRI.afreq .
--loop-cats: Processing category 'CHB' (103 samples).
Calculating allele frequencies... done.
--freq: Allele frequencies (founders only) written to
data/20210201_snp_rndm_alfreqs/bmi/bmi.CHB.afreq .
--loop-cats: Processing category 'JPT' (104 samples).
Calculating allele frequencies... done.
--freq: Allele frequencies (founders only) written to
data/20210201_snp_rndm_alfreqs/bmi/bmi.JPT.afreq .
--loop-cats: Processing category 'LWK' (99 samples).
Calculating allele frequencies... done.
--freq: Allele frequencies (founders only) written to
data/20210201_snp_rndm_alfreqs/bmi/bmi.LWK.afreq .
--loop-cats: Processing category 'ASW' (61 samples).
Calculating allele frequencies... done.
--freq: Allele frequencies (founders only) written to
data/20210201_snp_rndm_alfreqs/bmi/bmi.ASW.afreq .
--loop-cats: Processing category 'MXL' (64 samples).
Calculating allele frequencies... done.
--freq: Allele frequencies (founders only) written to
data/20210201_snp_rndm_alfreqs/bmi/bmi.MXL.afreq .
--loop-cats: Processing category 'TSI' (107 samples).
Calculating allele frequencies... done.
--freq: Allele frequencies (founders only) written to
data/20210201_snp_rndm_alfreqs/bmi/bmi.TSI.afreq .
--loop-cats: Processing category 'GIH' (103 samples).
Calculating allele frequencies... done.
--freq: Allele frequencies (founders only) written to
data/20210201_snp_rndm_alfreqs/bmi/bmi.GIH.afreq .

End time: Tue Feb  2 13:21:01 2021
