PLINK v2.00a2.3LM 64-bit Intel (24 Jan 2020)
Options in effect:
  --extract human_traits_fst/data/20210121_random_snps.list
  --freq
  --loop-cats PHENO1
  --out human_traits_fst/data/20210121_random_snps_plink//random
  --pheno iid-only human_traits_fst/data/plink2_sample_popn_key.txt
  --vcf vcfs/1gk_all.vcf.gz

Hostname: hx-noah-07-13.ebi.ac.uk
Working directory: /hps/research1/birney/users/ian/hmn_fst
Start time: Thu Jan 21 18:32:01 2021

Random number seed: 1611253921
256288 MiB RAM detected; reserving 128144 MiB for main workspace.
Using up to 80 threads (change this with --threads).
--vcf: 84739838 variants scanned.
--vcf: human_traits_fst/data/20210121_random_snps_plink//random-temporary.pgen
+ human_traits_fst/data/20210121_random_snps_plink//random-temporary.pvar +
human_traits_fst/data/20210121_random_snps_plink//random-temporary.psam
written.
2504 samples (0 females, 0 males, 2504 ambiguous; 2504 founders) loaded from
human_traits_fst/data/20210121_random_snps_plink//random-temporary.psam.
84739838 variants loaded from
human_traits_fst/data/20210121_random_snps_plink//random-temporary.pvar.
1 categorical phenotype loaded (2504 values).
--extract: 16107 variants remaining.
--loop-cats: 26 categories present.
--loop-cats: Processing category 'GBR' (91 samples).
Calculating allele frequencies... done.
--freq: Allele frequencies (founders only) written to
human_traits_fst/data/20210121_random_snps_plink//random.GBR.afreq .
--loop-cats: Processing category 'FIN' (99 samples).
Calculating allele frequencies... done.
--freq: Allele frequencies (founders only) written to
human_traits_fst/data/20210121_random_snps_plink//random.FIN.afreq .
--loop-cats: Processing category 'CHS' (105 samples).
Calculating allele frequencies... done.
--freq: Allele frequencies (founders only) written to
human_traits_fst/data/20210121_random_snps_plink//random.CHS.afreq .
--loop-cats: Processing category 'PUR' (104 samples).
Calculating allele frequencies... done.
--freq: Allele frequencies (founders only) written to
human_traits_fst/data/20210121_random_snps_plink//random.PUR.afreq .
--loop-cats: Processing category 'CDX' (93 samples).
Calculating allele frequencies... done.
--freq: Allele frequencies (founders only) written to
human_traits_fst/data/20210121_random_snps_plink//random.CDX.afreq .
--loop-cats: Processing category 'CLM' (94 samples).
Calculating allele frequencies... done.
--freq: Allele frequencies (founders only) written to
human_traits_fst/data/20210121_random_snps_plink//random.CLM.afreq .
--loop-cats: Processing category 'IBS' (107 samples).
Calculating allele frequencies... done.
--freq: Allele frequencies (founders only) written to
human_traits_fst/data/20210121_random_snps_plink//random.IBS.afreq .
--loop-cats: Processing category 'PEL' (85 samples).
Calculating allele frequencies... done.
--freq: Allele frequencies (founders only) written to
human_traits_fst/data/20210121_random_snps_plink//random.PEL.afreq .
--loop-cats: Processing category 'PJL' (96 samples).
Calculating allele frequencies... done.
--freq: Allele frequencies (founders only) written to
human_traits_fst/data/20210121_random_snps_plink//random.PJL.afreq .
--loop-cats: Processing category 'KHV' (99 samples).
Calculating allele frequencies... done.
--freq: Allele frequencies (founders only) written to
human_traits_fst/data/20210121_random_snps_plink//random.KHV.afreq .
--loop-cats: Processing category 'ACB' (96 samples).
Calculating allele frequencies... done.
--freq: Allele frequencies (founders only) written to
human_traits_fst/data/20210121_random_snps_plink//random.ACB.afreq .
--loop-cats: Processing category 'GWD' (113 samples).
Calculating allele frequencies... done.
--freq: Allele frequencies (founders only) written to
human_traits_fst/data/20210121_random_snps_plink//random.GWD.afreq .
--loop-cats: Processing category 'ESN' (99 samples).
Calculating allele frequencies... done.
--freq: Allele frequencies (founders only) written to
human_traits_fst/data/20210121_random_snps_plink//random.ESN.afreq .
--loop-cats: Processing category 'BEB' (86 samples).
Calculating allele frequencies... done.
--freq: Allele frequencies (founders only) written to
human_traits_fst/data/20210121_random_snps_plink//random.BEB.afreq .
--loop-cats: Processing category 'MSL' (85 samples).
Calculating allele frequencies... done.
--freq: Allele frequencies (founders only) written to
human_traits_fst/data/20210121_random_snps_plink//random.MSL.afreq .
--loop-cats: Processing category 'STU' (102 samples).
Calculating allele frequencies... done.
--freq: Allele frequencies (founders only) written to
human_traits_fst/data/20210121_random_snps_plink//random.STU.afreq .
--loop-cats: Processing category 'ITU' (102 samples).
Calculating allele frequencies... done.
--freq: Allele frequencies (founders only) written to
human_traits_fst/data/20210121_random_snps_plink//random.ITU.afreq .
--loop-cats: Processing category 'CEU' (99 samples).
Calculating allele frequencies... done.
--freq: Allele frequencies (founders only) written to
human_traits_fst/data/20210121_random_snps_plink//random.CEU.afreq .
--loop-cats: Processing category 'YRI' (108 samples).
Calculating allele frequencies... done.
--freq: Allele frequencies (founders only) written to
human_traits_fst/data/20210121_random_snps_plink//random.YRI.afreq .
--loop-cats: Processing category 'CHB' (103 samples).
Calculating allele frequencies... done.
--freq: Allele frequencies (founders only) written to
human_traits_fst/data/20210121_random_snps_plink//random.CHB.afreq .
--loop-cats: Processing category 'JPT' (104 samples).
Calculating allele frequencies... done.
--freq: Allele frequencies (founders only) written to
human_traits_fst/data/20210121_random_snps_plink//random.JPT.afreq .
--loop-cats: Processing category 'LWK' (99 samples).
Calculating allele frequencies... done.
--freq: Allele frequencies (founders only) written to
human_traits_fst/data/20210121_random_snps_plink//random.LWK.afreq .
--loop-cats: Processing category 'ASW' (61 samples).
Calculating allele frequencies... done.
--freq: Allele frequencies (founders only) written to
human_traits_fst/data/20210121_random_snps_plink//random.ASW.afreq .
--loop-cats: Processing category 'MXL' (64 samples).
Calculating allele frequencies... done.
--freq: Allele frequencies (founders only) written to
human_traits_fst/data/20210121_random_snps_plink//random.MXL.afreq .
--loop-cats: Processing category 'TSI' (107 samples).
Calculating allele frequencies... done.
--freq: Allele frequencies (founders only) written to
human_traits_fst/data/20210121_random_snps_plink//random.TSI.afreq .
--loop-cats: Processing category 'GIH' (103 samples).
Calculating allele frequencies... done.
--freq: Allele frequencies (founders only) written to
human_traits_fst/data/20210121_random_snps_plink//random.GIH.afreq .

End time: Thu Jan 21 18:56:51 2021
