PLINK v2.00a2.3LM 64-bit Intel (24 Jan 2020)
Options in effect:
  --extract data/20210221_random_snps_snp_ids/scz.list
  --freq
  --loop-cats PHENO1
  --out data/20210221_snp_rndm_alfreqs/scz/scz
  --pheno iid-only data/plink2_sample_popn_key.txt
  --vcf data/20210221_snp_rndm_filtered/scz.vcf.gz

Hostname: hx-noah-10-03.ebi.ac.uk
Working directory: /hps/research1/birney/users/ian/hmn_fst/human_traits_fst
Start time: Mon Feb 22 10:20:15 2021

Random number seed: 1613989215
256288 MiB RAM detected; reserving 128144 MiB for main workspace.
Using up to 80 threads (change this with --threads).
--vcf: 2214 variants scanned.
--vcf: data/20210221_snp_rndm_alfreqs/scz/scz-temporary.pgen +
data/20210221_snp_rndm_alfreqs/scz/scz-temporary.pvar +
data/20210221_snp_rndm_alfreqs/scz/scz-temporary.psam written.
2504 samples (0 females, 0 males, 2504 ambiguous; 2504 founders) loaded from
data/20210221_snp_rndm_alfreqs/scz/scz-temporary.psam.
2214 variants loaded from
data/20210221_snp_rndm_alfreqs/scz/scz-temporary.pvar.
1 categorical phenotype loaded (2504 values).
--extract: 2214 variants remaining.
--loop-cats: 26 categories present.
--loop-cats: Processing category 'GBR' (91 samples).
Calculating allele frequencies... done.
--freq: Allele frequencies (founders only) written to
data/20210221_snp_rndm_alfreqs/scz/scz.GBR.afreq .
--loop-cats: Processing category 'FIN' (99 samples).
Calculating allele frequencies... done.
--freq: Allele frequencies (founders only) written to
data/20210221_snp_rndm_alfreqs/scz/scz.FIN.afreq .
--loop-cats: Processing category 'CHS' (105 samples).
Calculating allele frequencies... done.
--freq: Allele frequencies (founders only) written to
data/20210221_snp_rndm_alfreqs/scz/scz.CHS.afreq .
--loop-cats: Processing category 'PUR' (104 samples).
Calculating allele frequencies... done.
--freq: Allele frequencies (founders only) written to
data/20210221_snp_rndm_alfreqs/scz/scz.PUR.afreq .
--loop-cats: Processing category 'CDX' (93 samples).
Calculating allele frequencies... done.
--freq: Allele frequencies (founders only) written to
data/20210221_snp_rndm_alfreqs/scz/scz.CDX.afreq .
--loop-cats: Processing category 'CLM' (94 samples).
Calculating allele frequencies... done.
--freq: Allele frequencies (founders only) written to
data/20210221_snp_rndm_alfreqs/scz/scz.CLM.afreq .
--loop-cats: Processing category 'IBS' (107 samples).
Calculating allele frequencies... done.
--freq: Allele frequencies (founders only) written to
data/20210221_snp_rndm_alfreqs/scz/scz.IBS.afreq .
--loop-cats: Processing category 'PEL' (85 samples).
Calculating allele frequencies... done.
--freq: Allele frequencies (founders only) written to
data/20210221_snp_rndm_alfreqs/scz/scz.PEL.afreq .
--loop-cats: Processing category 'PJL' (96 samples).
Calculating allele frequencies... done.
--freq: Allele frequencies (founders only) written to
data/20210221_snp_rndm_alfreqs/scz/scz.PJL.afreq .
--loop-cats: Processing category 'KHV' (99 samples).
Calculating allele frequencies... done.
--freq: Allele frequencies (founders only) written to
data/20210221_snp_rndm_alfreqs/scz/scz.KHV.afreq .
--loop-cats: Processing category 'ACB' (96 samples).
Calculating allele frequencies... done.
--freq: Allele frequencies (founders only) written to
data/20210221_snp_rndm_alfreqs/scz/scz.ACB.afreq .
--loop-cats: Processing category 'GWD' (113 samples).
Calculating allele frequencies... done.
--freq: Allele frequencies (founders only) written to
data/20210221_snp_rndm_alfreqs/scz/scz.GWD.afreq .
--loop-cats: Processing category 'ESN' (99 samples).
Calculating allele frequencies... done.
--freq: Allele frequencies (founders only) written to
data/20210221_snp_rndm_alfreqs/scz/scz.ESN.afreq .
--loop-cats: Processing category 'BEB' (86 samples).
Calculating allele frequencies... done.
--freq: Allele frequencies (founders only) written to
data/20210221_snp_rndm_alfreqs/scz/scz.BEB.afreq .
--loop-cats: Processing category 'MSL' (85 samples).
Calculating allele frequencies... done.
--freq: Allele frequencies (founders only) written to
data/20210221_snp_rndm_alfreqs/scz/scz.MSL.afreq .
--loop-cats: Processing category 'STU' (102 samples).
Calculating allele frequencies... done.
--freq: Allele frequencies (founders only) written to
data/20210221_snp_rndm_alfreqs/scz/scz.STU.afreq .
--loop-cats: Processing category 'ITU' (102 samples).
Calculating allele frequencies... done.
--freq: Allele frequencies (founders only) written to
data/20210221_snp_rndm_alfreqs/scz/scz.ITU.afreq .
--loop-cats: Processing category 'CEU' (99 samples).
Calculating allele frequencies... done.
--freq: Allele frequencies (founders only) written to
data/20210221_snp_rndm_alfreqs/scz/scz.CEU.afreq .
--loop-cats: Processing category 'YRI' (108 samples).
Calculating allele frequencies... done.
--freq: Allele frequencies (founders only) written to
data/20210221_snp_rndm_alfreqs/scz/scz.YRI.afreq .
--loop-cats: Processing category 'CHB' (103 samples).
Calculating allele frequencies... done.
--freq: Allele frequencies (founders only) written to
data/20210221_snp_rndm_alfreqs/scz/scz.CHB.afreq .
--loop-cats: Processing category 'JPT' (104 samples).
Calculating allele frequencies... done.
--freq: Allele frequencies (founders only) written to
data/20210221_snp_rndm_alfreqs/scz/scz.JPT.afreq .
--loop-cats: Processing category 'LWK' (99 samples).
Calculating allele frequencies... done.
--freq: Allele frequencies (founders only) written to
data/20210221_snp_rndm_alfreqs/scz/scz.LWK.afreq .
--loop-cats: Processing category 'ASW' (61 samples).
Calculating allele frequencies... done.
--freq: Allele frequencies (founders only) written to
data/20210221_snp_rndm_alfreqs/scz/scz.ASW.afreq .
--loop-cats: Processing category 'MXL' (64 samples).
Calculating allele frequencies... done.
--freq: Allele frequencies (founders only) written to
data/20210221_snp_rndm_alfreqs/scz/scz.MXL.afreq .
--loop-cats: Processing category 'TSI' (107 samples).
Calculating allele frequencies... done.
--freq: Allele frequencies (founders only) written to
data/20210221_snp_rndm_alfreqs/scz/scz.TSI.afreq .
--loop-cats: Processing category 'GIH' (103 samples).
Calculating allele frequencies... done.
--freq: Allele frequencies (founders only) written to
data/20210221_snp_rndm_alfreqs/scz/scz.GIH.afreq .

End time: Mon Feb 22 10:21:31 2021
