PLINK v2.00a2.3LM AVX2 Intel (24 Jan 2020)
Options in effect:
  --freq
  --loop-cats PHENO1
  --max-alleles 2
  --out racist_hypothesis/data/20200622_plink2_alfreqs/ibd/ibd
  --pheno iid-only racist_hypothesis/data/plink2_sample_popn_key.txt
  --vcf vcfs/snphits_ibd.vcf.gz

Hostname: hx-noah-12-06.ebi.ac.uk
Working directory: /hps/research1/birney/users/ian/rac_hyp
Start time: Thu Jul  2 20:05:55 2020

Random number seed: 1593716755
256288 MiB RAM detected; reserving 128144 MiB for main workspace.
Using up to 80 threads (change this with --threads).
--vcf: 142 variants scanned.
--vcf: racist_hypothesis/data/20200622_plink2_alfreqs/ibd/ibd-temporary.pgen +
racist_hypothesis/data/20200622_plink2_alfreqs/ibd/ibd-temporary.pvar +
racist_hypothesis/data/20200622_plink2_alfreqs/ibd/ibd-temporary.psam written.
2504 samples (0 females, 0 males, 2504 ambiguous; 2504 founders) loaded from
racist_hypothesis/data/20200622_plink2_alfreqs/ibd/ibd-temporary.psam.
142 variants loaded from
racist_hypothesis/data/20200622_plink2_alfreqs/ibd/ibd-temporary.pvar.
1 categorical phenotype loaded (2504 values).
--loop-cats: 26 categories present.
--loop-cats: Processing category 'GBR' (91 samples).
Calculating allele frequencies... done.
--freq: Allele frequencies (founders only) written to
racist_hypothesis/data/20200622_plink2_alfreqs/ibd/ibd.GBR.afreq .
--loop-cats: Processing category 'FIN' (99 samples).
Calculating allele frequencies... done.
--freq: Allele frequencies (founders only) written to
racist_hypothesis/data/20200622_plink2_alfreqs/ibd/ibd.FIN.afreq .
--loop-cats: Processing category 'CHS' (105 samples).
Calculating allele frequencies... done.
--freq: Allele frequencies (founders only) written to
racist_hypothesis/data/20200622_plink2_alfreqs/ibd/ibd.CHS.afreq .
--loop-cats: Processing category 'PUR' (104 samples).
Calculating allele frequencies... done.
--freq: Allele frequencies (founders only) written to
racist_hypothesis/data/20200622_plink2_alfreqs/ibd/ibd.PUR.afreq .
--loop-cats: Processing category 'CDX' (93 samples).
Calculating allele frequencies... done.
--freq: Allele frequencies (founders only) written to
racist_hypothesis/data/20200622_plink2_alfreqs/ibd/ibd.CDX.afreq .
--loop-cats: Processing category 'CLM' (94 samples).
Calculating allele frequencies... done.
--freq: Allele frequencies (founders only) written to
racist_hypothesis/data/20200622_plink2_alfreqs/ibd/ibd.CLM.afreq .
--loop-cats: Processing category 'IBS' (107 samples).
Calculating allele frequencies... done.
--freq: Allele frequencies (founders only) written to
racist_hypothesis/data/20200622_plink2_alfreqs/ibd/ibd.IBS.afreq .
--loop-cats: Processing category 'PEL' (85 samples).
Calculating allele frequencies... done.
--freq: Allele frequencies (founders only) written to
racist_hypothesis/data/20200622_plink2_alfreqs/ibd/ibd.PEL.afreq .
--loop-cats: Processing category 'PJL' (96 samples).
Calculating allele frequencies... done.
--freq: Allele frequencies (founders only) written to
racist_hypothesis/data/20200622_plink2_alfreqs/ibd/ibd.PJL.afreq .
--loop-cats: Processing category 'KHV' (99 samples).
Calculating allele frequencies... done.
--freq: Allele frequencies (founders only) written to
racist_hypothesis/data/20200622_plink2_alfreqs/ibd/ibd.KHV.afreq .
--loop-cats: Processing category 'ACB' (96 samples).
Calculating allele frequencies... done.
--freq: Allele frequencies (founders only) written to
racist_hypothesis/data/20200622_plink2_alfreqs/ibd/ibd.ACB.afreq .
--loop-cats: Processing category 'GWD' (113 samples).
Calculating allele frequencies... done.
--freq: Allele frequencies (founders only) written to
racist_hypothesis/data/20200622_plink2_alfreqs/ibd/ibd.GWD.afreq .
--loop-cats: Processing category 'ESN' (99 samples).
Calculating allele frequencies... done.
--freq: Allele frequencies (founders only) written to
racist_hypothesis/data/20200622_plink2_alfreqs/ibd/ibd.ESN.afreq .
--loop-cats: Processing category 'BEB' (86 samples).
Calculating allele frequencies... done.
--freq: Allele frequencies (founders only) written to
racist_hypothesis/data/20200622_plink2_alfreqs/ibd/ibd.BEB.afreq .
--loop-cats: Processing category 'MSL' (85 samples).
Calculating allele frequencies... done.
--freq: Allele frequencies (founders only) written to
racist_hypothesis/data/20200622_plink2_alfreqs/ibd/ibd.MSL.afreq .
--loop-cats: Processing category 'STU' (102 samples).
Calculating allele frequencies... done.
--freq: Allele frequencies (founders only) written to
racist_hypothesis/data/20200622_plink2_alfreqs/ibd/ibd.STU.afreq .
--loop-cats: Processing category 'ITU' (102 samples).
Calculating allele frequencies... done.
--freq: Allele frequencies (founders only) written to
racist_hypothesis/data/20200622_plink2_alfreqs/ibd/ibd.ITU.afreq .
--loop-cats: Processing category 'CEU' (99 samples).
Calculating allele frequencies... done.
--freq: Allele frequencies (founders only) written to
racist_hypothesis/data/20200622_plink2_alfreqs/ibd/ibd.CEU.afreq .
--loop-cats: Processing category 'YRI' (108 samples).
Calculating allele frequencies... done.
--freq: Allele frequencies (founders only) written to
racist_hypothesis/data/20200622_plink2_alfreqs/ibd/ibd.YRI.afreq .
--loop-cats: Processing category 'CHB' (103 samples).
Calculating allele frequencies... done.
--freq: Allele frequencies (founders only) written to
racist_hypothesis/data/20200622_plink2_alfreqs/ibd/ibd.CHB.afreq .
--loop-cats: Processing category 'JPT' (104 samples).
Calculating allele frequencies... done.
--freq: Allele frequencies (founders only) written to
racist_hypothesis/data/20200622_plink2_alfreqs/ibd/ibd.JPT.afreq .
--loop-cats: Processing category 'LWK' (99 samples).
Calculating allele frequencies... done.
--freq: Allele frequencies (founders only) written to
racist_hypothesis/data/20200622_plink2_alfreqs/ibd/ibd.LWK.afreq .
--loop-cats: Processing category 'ASW' (61 samples).
Calculating allele frequencies... done.
--freq: Allele frequencies (founders only) written to
racist_hypothesis/data/20200622_plink2_alfreqs/ibd/ibd.ASW.afreq .
--loop-cats: Processing category 'MXL' (64 samples).
Calculating allele frequencies... done.
--freq: Allele frequencies (founders only) written to
racist_hypothesis/data/20200622_plink2_alfreqs/ibd/ibd.MXL.afreq .
--loop-cats: Processing category 'TSI' (107 samples).
Calculating allele frequencies... done.
--freq: Allele frequencies (founders only) written to
racist_hypothesis/data/20200622_plink2_alfreqs/ibd/ibd.TSI.afreq .
--loop-cats: Processing category 'GIH' (103 samples).
Calculating allele frequencies... done.
--freq: Allele frequencies (founders only) written to
racist_hypothesis/data/20200622_plink2_alfreqs/ibd/ibd.GIH.afreq .

End time: Thu Jul  2 20:05:56 2020
