PLINK v2.00a2.3LM 64-bit Intel (24 Jan 2020)
Options in effect:
  --extract data/20210201_random_snps_snp_ids/int.list
  --freq
  --loop-cats PHENO1
  --out data/20210201_snp_rndm_alfreqs/int/int
  --pheno iid-only data/plink2_sample_popn_key.txt
  --vcf data/20210201_snp_rndm_filtered/int.vcf.gz

Hostname: hx-noah-29-01.ebi.ac.uk
Working directory: /hps/research1/birney/users/ian/hmn_fst/human_traits_fst
Start time: Wed Feb  3 09:26:01 2021

Random number seed: 1612344361
385391 MiB RAM detected; reserving 192695 MiB for main workspace.
Using up to 96 threads (change this with --threads).
--vcf: 2480 variants scanned.
--vcf: data/20210201_snp_rndm_alfreqs/int/int-temporary.pgen +
data/20210201_snp_rndm_alfreqs/int/int-temporary.pvar +
data/20210201_snp_rndm_alfreqs/int/int-temporary.psam written.
2504 samples (0 females, 0 males, 2504 ambiguous; 2504 founders) loaded from
data/20210201_snp_rndm_alfreqs/int/int-temporary.psam.
2480 variants loaded from
data/20210201_snp_rndm_alfreqs/int/int-temporary.pvar.
1 categorical phenotype loaded (2504 values).
--extract: 2480 variants remaining.
--loop-cats: 26 categories present.
--loop-cats: Processing category 'GBR' (91 samples).
Calculating allele frequencies... done.
--freq: Allele frequencies (founders only) written to
data/20210201_snp_rndm_alfreqs/int/int.GBR.afreq .
--loop-cats: Processing category 'FIN' (99 samples).
Calculating allele frequencies... done.
--freq: Allele frequencies (founders only) written to
data/20210201_snp_rndm_alfreqs/int/int.FIN.afreq .
--loop-cats: Processing category 'CHS' (105 samples).
Calculating allele frequencies... done.
--freq: Allele frequencies (founders only) written to
data/20210201_snp_rndm_alfreqs/int/int.CHS.afreq .
--loop-cats: Processing category 'PUR' (104 samples).
Calculating allele frequencies... done.
--freq: Allele frequencies (founders only) written to
data/20210201_snp_rndm_alfreqs/int/int.PUR.afreq .
--loop-cats: Processing category 'CDX' (93 samples).
Calculating allele frequencies... done.
--freq: Allele frequencies (founders only) written to
data/20210201_snp_rndm_alfreqs/int/int.CDX.afreq .
--loop-cats: Processing category 'CLM' (94 samples).
Calculating allele frequencies... done.
--freq: Allele frequencies (founders only) written to
data/20210201_snp_rndm_alfreqs/int/int.CLM.afreq .
--loop-cats: Processing category 'IBS' (107 samples).
Calculating allele frequencies... done.
--freq: Allele frequencies (founders only) written to
data/20210201_snp_rndm_alfreqs/int/int.IBS.afreq .
--loop-cats: Processing category 'PEL' (85 samples).
Calculating allele frequencies... done.
--freq: Allele frequencies (founders only) written to
data/20210201_snp_rndm_alfreqs/int/int.PEL.afreq .
--loop-cats: Processing category 'PJL' (96 samples).
Calculating allele frequencies... done.
--freq: Allele frequencies (founders only) written to
data/20210201_snp_rndm_alfreqs/int/int.PJL.afreq .
--loop-cats: Processing category 'KHV' (99 samples).
Calculating allele frequencies... done.
--freq: Allele frequencies (founders only) written to
data/20210201_snp_rndm_alfreqs/int/int.KHV.afreq .
--loop-cats: Processing category 'ACB' (96 samples).
Calculating allele frequencies... done.
--freq: Allele frequencies (founders only) written to
data/20210201_snp_rndm_alfreqs/int/int.ACB.afreq .
--loop-cats: Processing category 'GWD' (113 samples).
Calculating allele frequencies... done.
--freq: Allele frequencies (founders only) written to
data/20210201_snp_rndm_alfreqs/int/int.GWD.afreq .
--loop-cats: Processing category 'ESN' (99 samples).
Calculating allele frequencies... done.
--freq: Allele frequencies (founders only) written to
data/20210201_snp_rndm_alfreqs/int/int.ESN.afreq .
--loop-cats: Processing category 'BEB' (86 samples).
Calculating allele frequencies... done.
--freq: Allele frequencies (founders only) written to
data/20210201_snp_rndm_alfreqs/int/int.BEB.afreq .
--loop-cats: Processing category 'MSL' (85 samples).
Calculating allele frequencies... done.
--freq: Allele frequencies (founders only) written to
data/20210201_snp_rndm_alfreqs/int/int.MSL.afreq .
--loop-cats: Processing category 'STU' (102 samples).
Calculating allele frequencies... done.
--freq: Allele frequencies (founders only) written to
data/20210201_snp_rndm_alfreqs/int/int.STU.afreq .
--loop-cats: Processing category 'ITU' (102 samples).
Calculating allele frequencies... done.
--freq: Allele frequencies (founders only) written to
data/20210201_snp_rndm_alfreqs/int/int.ITU.afreq .
--loop-cats: Processing category 'CEU' (99 samples).
Calculating allele frequencies... done.
--freq: Allele frequencies (founders only) written to
data/20210201_snp_rndm_alfreqs/int/int.CEU.afreq .
--loop-cats: Processing category 'YRI' (108 samples).
Calculating allele frequencies... done.
--freq: Allele frequencies (founders only) written to
data/20210201_snp_rndm_alfreqs/int/int.YRI.afreq .
--loop-cats: Processing category 'CHB' (103 samples).
Calculating allele frequencies... done.
--freq: Allele frequencies (founders only) written to
data/20210201_snp_rndm_alfreqs/int/int.CHB.afreq .
--loop-cats: Processing category 'JPT' (104 samples).
Calculating allele frequencies... done.
--freq: Allele frequencies (founders only) written to
data/20210201_snp_rndm_alfreqs/int/int.JPT.afreq .
--loop-cats: Processing category 'LWK' (99 samples).
Calculating allele frequencies... done.
--freq: Allele frequencies (founders only) written to
data/20210201_snp_rndm_alfreqs/int/int.LWK.afreq .
--loop-cats: Processing category 'ASW' (61 samples).
Calculating allele frequencies... done.
--freq: Allele frequencies (founders only) written to
data/20210201_snp_rndm_alfreqs/int/int.ASW.afreq .
--loop-cats: Processing category 'MXL' (64 samples).
Calculating allele frequencies... done.
--freq: Allele frequencies (founders only) written to
data/20210201_snp_rndm_alfreqs/int/int.MXL.afreq .
--loop-cats: Processing category 'TSI' (107 samples).
Calculating allele frequencies... done.
--freq: Allele frequencies (founders only) written to
data/20210201_snp_rndm_alfreqs/int/int.TSI.afreq .
--loop-cats: Processing category 'GIH' (103 samples).
Calculating allele frequencies... done.
--freq: Allele frequencies (founders only) written to
data/20210201_snp_rndm_alfreqs/int/int.GIH.afreq .

End time: Wed Feb  3 09:26:04 2021
