PLINK v1.90b6.18 64-bit (16 Jun 2020)
Options in effect:
  --clump data/20210122_snp_hit_lists/ibd_with_P.txt
  --clump-kb 750
  --clump-p1 0.00000001
  --clump-p2 0.00000001
  --clump-r2 0.1
  --out data/20210125_clumped/ibd/r2-0.1_kb-750
  --vcf ../vcfs/snp_hits_filtered/ibd.vcf.gz

Hostname: hx-noah-11-16.ebi.ac.uk
Working directory: /hps/research1/birney/users/ian/hmn_fst/human_traits_fst
Start time: Mon Jan 25 11:26:46 2021

Random number seed: 1611574006
256288 MB RAM detected; reserving 128144 MB for main workspace.
--vcf: data/20210125_clumped/ibd/r2-0.1_kb-750-temporary.bed +
data/20210125_clumped/ibd/r2-0.1_kb-750-temporary.bim +
data/20210125_clumped/ibd/r2-0.1_kb-750-temporary.fam written.
381 variants loaded from .bim file.
2504 people (0 males, 0 females, 2504 ambiguous) loaded from .fam.
Ambiguous sex IDs written to data/20210125_clumped/ibd/r2-0.1_kb-750.nosex .
Using 1 thread (no multithreaded calculations invoked).
Before main variant filters, 2504 founders and 0 nonfounders present.
Calculating allele frequencies... done.
Total genotyping rate is 0.999998.
381 variants and 2504 people pass filters and QC.
Note: No phenotypes present.
Warning: 'rs113653754' is missing from the main dataset, and is a top variant.
Warning: 'rs6871626' is missing from the main dataset, and is a top variant.
Warning: 'rs116392568' is missing from the main dataset, and is a top variant.
Warning: 'rs71559680' is missing from the main dataset, and is a top variant.
--clump: 182 clumps formed from 268 top variants.
Results written to data/20210125_clumped/ibd/r2-0.1_kb-750.clumped .

End time: Mon Jan 25 11:27:06 2021
