PLINK v1.90b6.21 64-bit (19 Oct 2020)
Options in effect:
  --clump data/gwasrapidd/20210525/p-values/EFO_0003949.txt
  --clump-kb 1000
  --clump-p1 0.00000001
  --clump-p2 0.00000001
  --clump-r2 0.1
  --out data/gwasrapidd/20210525/plink/clumped/EFO_0003949
  --vcf data/gwasrapidd/20210525/vcfs/no_dups/EFO_0003949.vcf.gz

Hostname: hl-codon-40-04.ebi.ac.uk
Working directory: /hps/software/users/birney/ian/repos/human_traits_fst
Start time: Thu May 27 08:52:38 2021

Random number seed: 1622101958
385341 MB RAM detected; reserving 192670 MB for main workspace.
--vcf: data/gwasrapidd/20210525/plink/clumped/EFO_0003949-temporary.bed +
data/gwasrapidd/20210525/plink/clumped/EFO_0003949-temporary.bim +
data/gwasrapidd/20210525/plink/clumped/EFO_0003949-temporary.fam written.
45 variants loaded from .bim file.
2504 people (0 males, 0 females, 2504 ambiguous) loaded from .fam.
Ambiguous sex IDs written to
data/gwasrapidd/20210525/plink/clumped/EFO_0003949.nosex .
Using 1 thread (no multithreaded calculations invoked).
Before main variant filters, 2504 founders and 0 nonfounders present.
Calculating allele frequencies... done.
Total genotyping rate is 0.999947.
45 variants and 2504 people pass filters and QC.
Note: No phenotypes present.
Warning: 'rs11855019' is missing from the main dataset, and is a top variant.
--clump: 9 clumps formed from 12 top variants.
Results written to data/gwasrapidd/20210525/plink/clumped/EFO_0003949.clumped .

End time: Thu May 27 08:52:39 2021
