PLINK v1.90b3.45 64-bit (13 Jan 2017)
Options in effect:
  --clump data/gwasrapidd/20210626/p-values/EFO_0000384.txt
  --clump-kb 1000
  --clump-p1 0.00000001
  --clump-p2 0.00000001
  --clump-r2 0.1
  --out data/gwasrapidd/20210626/plink/clumped/EFO_0000384
  --vcf data/gwasrapidd/20210626/vcfs/EFO_0000384.vcf.gz

Hostname: hl-codon-24-02.ebi.ac.uk
Working directory: /hps/software/users/birney/ian/repos/human_traits_fst
Start time: Mon Jun 28 14:37:36 2021

Random number seed: 1624887456
385341 MB RAM detected; reserving 192670 MB for main workspace.
--vcf: data/gwasrapidd/20210626/plink/clumped/EFO_0000384-temporary.bed +
data/gwasrapidd/20210626/plink/clumped/EFO_0000384-temporary.bim +
data/gwasrapidd/20210626/plink/clumped/EFO_0000384-temporary.fam written.
707 variants loaded from .bim file.
2504 people (0 males, 0 females, 2504 ambiguous) loaded from .fam.
Ambiguous sex IDs written to
data/gwasrapidd/20210626/plink/clumped/EFO_0000384.nosex .
Using 1 thread (no multithreaded calculations invoked).
Before main variant filters, 2504 founders and 0 nonfounders present.
Calculating allele frequencies... done.
Total genotyping rate is 0.999966.
707 variants and 2504 people pass filters and QC.
Note: No phenotypes present.
Warning: 'rs5743293' is missing from the main dataset, and is a top variant.
Warning: 'rs71485777' is missing from the main dataset, and is a top variant.
Warning: 'rs116392568' is missing from the main dataset, and is a top variant.
Warning: 'rs34670647' is missing from the main dataset, and is a top variant.
Warning: 'rs67025039' is missing from the main dataset, and is a top variant.
Warning: 'rs71559680' is missing from the main dataset, and is a top variant.
Warning: 'rs113653754' is missing from the main dataset, and is a top variant.
Warning: 'rs3180018' is missing from the main dataset, and is a top variant.
Warning: 'rs11306716' is missing from the main dataset, and is a top variant.
Warning: 'rs9494840' is missing from the main dataset, and is a top variant.
Warning: 'rs5929166' is missing from the main dataset, and is a top variant.
Warning: 'rs9279411' is missing from the main dataset, and is a top variant.
Warning: 'rs2807264' is missing from the main dataset, and is a top variant.
--clump: 279 clumps formed from 497 top variants.
Results written to data/gwasrapidd/20210626/plink/clumped/EFO_0000384.clumped .

End time: Mon Jun 28 14:37:37 2021
