PLINK v1.90b3.45 64-bit (13 Jan 2017)
Options in effect:
  --clump data/gwasrapidd/20210626/p-values/EFO_0000612.txt
  --clump-kb 1000
  --clump-p1 0.00000001
  --clump-p2 0.00000001
  --clump-r2 0.1
  --out data/gwasrapidd/20210626/plink/clumped/EFO_0000612
  --vcf data/gwasrapidd/20210626/vcfs/EFO_0000612.vcf.gz

Hostname: hl-codon-24-02.ebi.ac.uk
Working directory: /hps/software/users/birney/ian/repos/human_traits_fst
Start time: Mon Jun 28 14:37:37 2021

Random number seed: 1624887457
385341 MB RAM detected; reserving 192670 MB for main workspace.
--vcf: data/gwasrapidd/20210626/plink/clumped/EFO_0000612-temporary.bed +
data/gwasrapidd/20210626/plink/clumped/EFO_0000612-temporary.bim +
data/gwasrapidd/20210626/plink/clumped/EFO_0000612-temporary.fam written.
272 variants loaded from .bim file.
2504 people (0 males, 0 females, 2504 ambiguous) loaded from .fam.
Ambiguous sex IDs written to
data/gwasrapidd/20210626/plink/clumped/EFO_0000612.nosex .
Using 1 thread (no multithreaded calculations invoked).
Before main variant filters, 2504 founders and 0 nonfounders present.
Calculating allele frequencies... done.
272 variants and 2504 people pass filters and QC.
Note: No phenotypes present.
Warning: 'rs199921354' is missing from the main dataset, and is a top variant.
Warning: 'rs146879198' is missing from the main dataset, and is a top variant.
Warning: 'rs764429222' is missing from the main dataset, and is a top variant.
Warning: 'rs2400727' is missing from the main dataset, and is a top variant.
--clump: 93 clumps formed from 129 top variants.
Results written to data/gwasrapidd/20210626/plink/clumped/EFO_0000612.clumped .

End time: Mon Jun 28 14:37:37 2021
