PLINK v1.90b3.45 64-bit (13 Jan 2017)
Options in effect:
  --clump data/gwasrapidd/20210626/p-values/EFO_0003761.txt
  --clump-kb 1000
  --clump-p1 0.00000001
  --clump-p2 0.00000001
  --clump-r2 0.1
  --out data/gwasrapidd/20210626/plink/clumped/EFO_0003761
  --vcf data/gwasrapidd/20210626/vcfs/EFO_0003761.vcf.gz

Hostname: hl-codon-24-02.ebi.ac.uk
Working directory: /hps/software/users/birney/ian/repos/human_traits_fst
Start time: Mon Jun 28 14:37:38 2021

Random number seed: 1624887458
385341 MB RAM detected; reserving 192670 MB for main workspace.
--vcf: data/gwasrapidd/20210626/plink/clumped/EFO_0003761-temporary.bed +
data/gwasrapidd/20210626/plink/clumped/EFO_0003761-temporary.bim +
data/gwasrapidd/20210626/plink/clumped/EFO_0003761-temporary.fam written.
1755 variants loaded from .bim file.
2504 people (0 males, 0 females, 2504 ambiguous) loaded from .fam.
Ambiguous sex IDs written to
data/gwasrapidd/20210626/plink/clumped/EFO_0003761.nosex .
Using 1 thread (no multithreaded calculations invoked).
Before main variant filters, 2504 founders and 0 nonfounders present.
Calculating allele frequencies... done.
Total genotyping rate is 0.999532.
1755 variants and 2504 people pass filters and QC.
Note: No phenotypes present.
Warning: 'rs145410455' is missing from the main dataset, and is a top variant.
Warning: 'rs190783615' is missing from the main dataset, and is a top variant.
Warning: 'rs1058172' is missing from the main dataset, and is a top variant.
Warning: 'chr5_103942055' is missing from the main dataset, and is a top
variant.
Warning: 'rs115507122' is missing from the main dataset, and is a top variant.
Warning: 'rs201935337' is missing from the main dataset, and is a top variant.
Warning: 'chr5_87992715' is missing from the main dataset, and is a top
variant.
Warning: 'rs116755193' is missing from the main dataset, and is a top variant.
Warning: 'rs40465' is missing from the main dataset, and is a top variant.
Warning: 'rs78108344' is missing from the main dataset, and is a top variant.
Warning: 'chr14_75356855' is missing from the main dataset, and is a top
variant.
Warning: 'rs78355601' is missing from the main dataset, and is a top variant.
Warning: 'rs9368649' is missing from the main dataset, and is a top variant.
--clump: 297 clumps formed from 552 top variants.
Results written to data/gwasrapidd/20210626/plink/clumped/EFO_0003761.clumped .

End time: Mon Jun 28 14:37:38 2021
