PLINK v1.90b6.18 64-bit (16 Jun 2020)
Options in effect:
  --clump human_traits_fst/data/20210120_snps_bmi_with_P.txt
  --clump-kb 250
  --clump-p1 0.00000001
  --clump-p2 0.00000001
  --clump-r2 0.5
  --out human_traits_fst/data/20210120_clumped/bmi
  --vcf vcfs/snphits_bmi.vcf.gz

Hostname: hx-noah-33-02.ebi.ac.uk
Working directory: /hps/research1/birney/users/ian/hmn_fst
Start time: Wed Jan 20 09:30:11 2021

Random number seed: 1611135011
385391 MB RAM detected; reserving 192695 MB for main workspace.
--vcf: human_traits_fst/data/20210120_clumped/bmi-temporary.bed +
human_traits_fst/data/20210120_clumped/bmi-temporary.bim +
human_traits_fst/data/20210120_clumped/bmi-temporary.fam written.
4343 variants loaded from .bim file.
2504 people (0 males, 0 females, 2504 ambiguous) loaded from .fam.
Ambiguous sex IDs written to human_traits_fst/data/20210120_clumped/bmi.nosex .
Using 1 thread (no multithreaded calculations invoked).
Before main variant filters, 2504 founders and 0 nonfounders present.
Calculating allele frequencies... done.
Total genotyping rate is 0.999887.
4343 variants and 2504 people pass filters and QC.
Note: No phenotypes present.
Warning: 'rs10514303' is missing from the main dataset, and is a top variant.
Warning: 'rs9776097' is missing from the main dataset, and is a top variant.
Warning: 'rs4869139' is missing from the main dataset, and is a top variant.
Warning: 'rs11668500' is missing from the main dataset, and is a top variant.
Warning: 'rs2199936' is missing from the main dataset, and is a top variant.
Warning: 'rs9649187' is missing from the main dataset, and is a top variant.
Warning: 'rs723486' is missing from the main dataset, and is a top variant.
Warning: 'rs200870675' is missing from the main dataset, and is a top variant.
Warning: 'rs183975233' is missing from the main dataset, and is a top variant.
Warning: 'rs34234711' is missing from the main dataset, and is a top variant.
Warning: 'rs12016871' is missing from the main dataset, and is a top variant.
Warning: 'rs757318' is missing from the main dataset, and is a top variant.
Warning: 'rs4308481' is missing from the main dataset, and is a top variant.
Warning: 'rs34640360' is missing from the main dataset, and is a top variant.
Warning: 'rs11191595' is missing from the main dataset, and is a top variant.
Warning: 'rs10865054' is missing from the main dataset, and is a top variant.
Warning: 'rs13447324' is missing from the main dataset, and is a top variant.
Warning: 'rs3849724' is missing from the main dataset, and is a top variant.
Warning: 'rs115472351' is missing from the main dataset, and is a top variant.
Warning: 'rs1459180' is missing from the main dataset, and is a top variant.
Warning: 'rs11607976' is missing from the main dataset, and is a top variant.
Warning: 'rs10055091' is missing from the main dataset, and is a top variant.
Warning: 'rs781751875' is missing from the main dataset, and is a top variant.
Warning: 'rs139253024' is missing from the main dataset, and is a top variant.
--clump: 2170 clumps formed from 3069 top variants.
Results written to human_traits_fst/data/20210120_clumped/bmi.clumped .

End time: Wed Jan 20 09:30:13 2021
