PLINK v1.90b6.18 64-bit (16 Jun 2020)
Options in effect:
  --clump human_traits_fst/data/20210120_snps_ibd_with_P.txt
  --clump-kb 250
  --clump-p1 0.00000001
  --clump-p2 0.00000001
  --clump-r2 0.5
  --out human_traits_fst/data/20210120_clumped/ibd
  --vcf vcfs/snphits_ibd.vcf.gz

Hostname: hx-noah-07-01.ebi.ac.uk
Working directory: /hps/research1/birney/users/ian/hmn_fst
Start time: Wed Jan 20 09:30:11 2021

Random number seed: 1611135011
256288 MB RAM detected; reserving 128144 MB for main workspace.
--vcf: human_traits_fst/data/20210120_clumped/ibd-temporary.bed +
human_traits_fst/data/20210120_clumped/ibd-temporary.bim +
human_traits_fst/data/20210120_clumped/ibd-temporary.fam written.
952 variants loaded from .bim file.
2504 people (0 males, 0 females, 2504 ambiguous) loaded from .fam.
Ambiguous sex IDs written to human_traits_fst/data/20210120_clumped/ibd.nosex .
Using 1 thread (no multithreaded calculations invoked).
Before main variant filters, 2504 founders and 0 nonfounders present.
Calculating allele frequencies... done.
Total genotyping rate is 0.999962.
952 variants and 2504 people pass filters and QC.
Note: No phenotypes present.
Warning: 'rs5743293' is missing from the main dataset, and is a top variant.
Warning: 'rs76901167' is missing from the main dataset, and is a top variant.
Warning: 'rs113653754' is missing from the main dataset, and is a top variant.
Warning: 'rs6871626' is missing from the main dataset, and is a top variant.
Warning: 'rs71485777' is missing from the main dataset, and is a top variant.
Warning: 'rs116392568' is missing from the main dataset, and is a top variant.
Warning: 'rs34670647' is missing from the main dataset, and is a top variant.
Warning: 'rs71559680' is missing from the main dataset, and is a top variant.
Warning: 'rs678170' is missing from the main dataset, and is a top variant.
Warning: 'rs3180018' is missing from the main dataset, and is a top variant.
Warning: 'rs11306716' is missing from the main dataset, and is a top variant.
Warning: 'rs200349593' is missing from the main dataset, and is a top variant.
Warning: 'rs9494840' is missing from the main dataset, and is a top variant.
Warning: 'rs9279411' is missing from the main dataset, and is a top variant.
--clump: 423 clumps formed from 651 top variants.
Results written to human_traits_fst/data/20210120_clumped/ibd.clumped .

End time: Wed Jan 20 09:30:12 2021
