PLINK v1.90b6.18 64-bit (16 Jun 2020)
Options in effect:
  --clump human_traits_fst/data/20210120_snps_int_with_P.txt
  --clump-kb 500
  --clump-p1 0.00000001
  --clump-p2 0.00000001
  --clump-r2 0.5
  --out human_traits_fst/data/20210120_clumped/int_r2-0.5_kb-500
  --vcf vcfs/snphits_int.vcf.gz

Hostname: hx-noah-23-04.ebi.ac.uk
Working directory: /hps/research1/birney/users/ian/hmn_fst
Start time: Wed Jan 20 14:59:06 2021

Random number seed: 1611154746
128260 MB RAM detected; reserving 64130 MB for main workspace.
--vcf: human_traits_fst/data/20210120_clumped/int_r2-0.5_kb-500-temporary.bed +
human_traits_fst/data/20210120_clumped/int_r2-0.5_kb-500-temporary.bim +
human_traits_fst/data/20210120_clumped/int_r2-0.5_kb-500-temporary.fam written.
2514 variants loaded from .bim file.
2504 people (0 males, 0 females, 2504 ambiguous) loaded from .fam.
Ambiguous sex IDs written to
human_traits_fst/data/20210120_clumped/int_r2-0.5_kb-500.nosex .
Using 1 thread (no multithreaded calculations invoked).
Before main variant filters, 2504 founders and 0 nonfounders present.
Calculating allele frequencies... done.
Total genotyping rate is 0.999854.
2514 variants and 2504 people pass filters and QC.
Note: No phenotypes present.
Warning: 'rs2451729' is missing from the main dataset, and is a top variant.
Warning: 'rs10514303' is missing from the main dataset, and is a top variant.
Warning: 'rs13184816' is missing from the main dataset, and is a top variant.
--clump: 858 clumps formed from 1289 top variants.
Results written to
human_traits_fst/data/20210120_clumped/int_r2-0.5_kb-500.clumped .

End time: Wed Jan 20 14:59:11 2021
