PLINK v1.90b6.18 64-bit (16 Jun 2020)
Options in effect:
  --clump data/20210122_snp_hit_lists/pig_with_P.txt
  --clump-kb 500
  --clump-p1 0.00000001
  --clump-p2 0.00000001
  --clump-r2 0.8
  --out data/20210125_clumped/pig_r2-0.8_kb-500
  --vcf ../vcfs/snp_hits_filtered/pig.vcf.gz

Hostname: hx-noah-12-04.ebi.ac.uk
Working directory: /hps/research1/birney/users/ian/hmn_fst/human_traits_fst
Start time: Mon Jan 25 10:35:18 2021

Random number seed: 1611570918
256227 MB RAM detected; reserving 128113 MB for main workspace.
--vcf: data/20210125_clumped/pig_r2-0.8_kb-500-temporary.bed +
data/20210125_clumped/pig_r2-0.8_kb-500-temporary.bim +
data/20210125_clumped/pig_r2-0.8_kb-500-temporary.fam written.
1042 variants loaded from .bim file.
2504 people (0 males, 0 females, 2504 ambiguous) loaded from .fam.
Ambiguous sex IDs written to data/20210125_clumped/pig_r2-0.8_kb-500.nosex .
Using 1 thread (no multithreaded calculations invoked).
Before main variant filters, 2504 founders and 0 nonfounders present.
Calculating allele frequencies... done.
Total genotyping rate is 0.999868.
1042 variants and 2504 people pass filters and QC.
Note: No phenotypes present.
Warning: 'rs11855019' is missing from the main dataset, and is a top variant.
Warning: 'rs121918170' is missing from the main dataset, and is a top variant.
Warning: 'rs200998494' is missing from the main dataset, and is a top variant.
Warning: 'rs121918167' is missing from the main dataset, and is a top variant.
Warning: 'rs7977437' is missing from the main dataset, and is a top variant.
Warning: 'rs34813910' is missing from the main dataset, and is a top variant.
Warning: 'rs377057' is missing from the main dataset, and is a top variant.
--clump: 604 clumps formed from 672 top variants.
Results written to data/20210125_clumped/pig_r2-0.8_kb-500.clumped .

End time: Mon Jan 25 10:35:32 2021
